2021/04/08 13:36:43 {"callers":["/home/joklr/GoProgram/forum/main.go: 20 main.init.0"],"level":"error","message":"app.BindAndValid errs: ","time":1617860203995173653}
2021/04/08 13:38:56 {"callers":["/home/joklr/GoProgram/forum/main.go: 20 main.init.0"],"level":"error","message":"app.BindAndValid errs: ","time":1617860336399867702}
2021/04/08 13:44:04 {"callers":["/home/joklr/GoProgram/forum/main.go: 20 main.init.0"],"level":"error","message":"svc.CreatePost err: Error 1054: Unknown column 'create_on' in 'field list'","time":1617860644864634156}
2021/04/08 13:53:13 {"callers":["/home/joklr/GoProgram/forum/main.go: 20 main.init.0"],"level":"error","message":"app.BindAndValid errs: ID为必填字段","time":1617861193721156520}
2021/04/08 13:53:38 {"callers":["/home/joklr/GoProgram/forum/main.go: 20 main.init.0"],"level":"error","message":"app.BindAndValid errs: ID为必填字段","time":1617861218117530754}
2021/04/08 13:55:02 {"callers":["/home/joklr/GoProgram/forum/main.go: 20 main.init.0"],"level":"error","message":"app.BindAndValid errs: ID为必填字段","time":1617861302548969663}
2021/04/08 13:55:03 {"callers":["/home/joklr/GoProgram/forum/main.go: 20 main.init.0"],"level":"error","message":"app.BindAndValid errs: ID为必填字段","time":1617861303581599940}
2021/04/08 13:56:06 {"callers":["/home/joklr/GoProgram/forum/main.go: 20 main.init.0"],"level":"info","message":"Get id: 1","time":1617861366562995980}
2021/04/08 13:56:06 {"callers":["/home/joklr/GoProgram/forum/main.go: 20 main.init.0"],"level":"error","message":"app.BindAndValid errs: ID为必填字段","time":1617861366563287615}
2021/04/08 13:56:40 {"callers":["/home/joklr/GoProgram/forum/main.go: 20 main.init.0"],"level":"info","message":"Get id: 1","time":1617861400594608437}
2021/04/08 14:51:41 {"callers":["/home/joklr/GoProgram/forum/main.go: 20 main.init.0"],"level":"error","message":"app.BindAndValid errs: ","time":1617864701001866771}
2021/04/08 16:57:34 {"callers":["/home/joklr/GoProgram/forum/main.go: 20 main.init.0"],"level":"error","message":"svc.CreateAuth err: Error 1054: Unknown column 'u_name' in 'field list'","time":1617872254769826997}
2021/04/08 17:39:02 {"callers":["/home/joklr/GoProgram/forum/main.go: 20 main.init.0"],"level":"info","message":"middleware.JWT token: ","time":1617874742957438640}
2021/04/08 17:39:31 {"callers":["/home/joklr/GoProgram/forum/main.go: 20 main.init.0"],"level":"info","message":"","time":1617874771415311910}
2021/04/08 17:40:35 {"callers":["/home/joklr/GoProgram/forum/main.go: 20 main.init.0"],"level":"info","message":"middleware.JWT token: eyJhbGciOiJIUzI1NiIsInR5cCI6IkpXVCJ9.eyJhcHBfa2V5IjoiOTllYTY4OTBlMWU0MzJkN2M2NTE2ZTczNTM3N2E4Y2EiLCJhcHBfc2VjcmV0IjoiOTdjMzFlOGVkYWU0MDJhZDgxZWQ4MTZlOTM4ZTNkZTMiLCJleHAiOjE2MTc4ODE1MjgsImlzcyI6ImEzLWdyb3VwIn0.q8xd0xTwMDABE634slRF3p-3M6L7wzf-2mbAym4pA64","time":1617874835163968471}
2021/04/08 20:43:09 {"callers":["/home/joklr/GoProgram/forum/main.go: 20 main.init.0"],"level":"info","message":"Get id: 1","time":1617885789665722748}
2021/04/08 20:45:39 {"callers":["/home/joklr/GoProgram/forum/main.go: 20 main.init.0"],"level":"info","message":"Get id: 1","time":1617885939997669365}
2021/04/08 20:46:43 {"callers":["/home/joklr/GoProgram/forum/main.go: 20 main.init.0"],"level":"info","message":"Get id: 1","time":1617886003249010361}
2021/04/08 20:48:30 {"callers":["/home/joklr/GoProgram/forum/main.go: 20 main.init.0"],"level":"info","message":"Get id: 1","time":1617886110874419813}
2021/04/08 20:50:08 {"callers":["/home/joklr/GoProgram/forum/main.go: 20 main.init.0"],"level":"info","message":"Get id: 1","time":1617886208317244768}
2021/04/08 20:50:13 {"callers":["/home/joklr/GoProgram/forum/main.go: 20 main.init.0"],"level":"error","message":"app.BindAndValid errs: Title为必填字段,DescImg为必填字段","time":1617886213091958474}
2021/04/08 20:50:38 {"callers":["/home/joklr/GoProgram/forum/main.go: 20 main.init.0"],"level":"error","message":"app.BindAndValid errs: DescImg为必填字段","time":1617886238559852555}
2021/04/08 20:54:44 {"callers":["/home/joklr/GoProgram/forum/main.go: 20 main.init.0"],"level":"info","message":"Get id: 8","time":1617886484498596887}
2021/04/08 20:54:58 {"callers":["/home/joklr/GoProgram/forum/main.go: 20 main.init.0"],"level":"info","message":"Get id: 9","time":1617886498806889839}
2021/04/08 20:57:20 {"callers":["/home/joklr/GoProgram/forum/main.go: 20 main.init.0"],"level":"info","message":"Get id: 10","time":1617886640272970857}
2021/04/08 21:04:30 {"callers":["/home/joklr/GoProgram/forum/main.go: 20 main.init.0"],"level":"info","message":"Get id: 11","time":1617887070923580905}
2021/04/08 21:05:11 {"callers":["/home/joklr/GoProgram/forum/main.go: 20 main.init.0"],"level":"error","message":"app.BindAndValid errs: Title长度必须至少为3个字符","time":1617887111669057279}
2021/04/08 21:06:17 {"callers":["/home/joklr/GoProgram/forum/main.go: 20 main.init.0"],"level":"error","message":"app.BindAndValid errs: Title长度必须至少为3个字符","time":1617887177917207687}
2021/04/08 21:07:15 {"callers":["/home/joklr/GoProgram/forum/main.go: 20 main.init.0"],"level":"error","message":"app.BindAndValid errs: Title长度必须至少为3个字符","time":1617887235852008108}
2021/04/08 21:08:17 {"callers":["/home/joklr/GoProgram/forum/main.go: 20 main.init.0"],"level":"info","message":"Get id: 12","time":1617887297570079434}
2021/04/08 21:08:25 {"callers":["/home/joklr/GoProgram/forum/main.go: 20 main.init.0"],"level":"info","message":"Get id: 12","time":1617887305294173506}
2021/04/08 21:14:35 {"callers":["/home/joklr/GoProgram/forum/main.go: 20 main.init.0"],"level":"info","message":"Get id: 12","time":1617887675166660790}
2021/04/08 21:14:38 {"callers":["/home/joklr/GoProgram/forum/main.go: 20 main.init.0"],"level":"info","message":"Get id: 12","time":1617887678422479498}
2021/04/08 21:14:49 {"callers":["/home/joklr/GoProgram/forum/main.go: 20 main.init.0"],"level":"info","message":"Get id: 13","time":1617887689999620305}
2021/04/08 21:15:01 {"callers":["/home/joklr/GoProgram/forum/main.go: 20 main.init.0"],"level":"info","message":"Get id: 13","time":1617887701574036741}
2021/04/08 21:15:19 {"callers":["/home/joklr/GoProgram/forum/main.go: 20 main.init.0"],"level":"info","message":"Get id: 14","time":1617887719798508457}
2021/04/08 21:18:30 {"callers":["/home/joklr/GoProgram/forum/main.go: 20 main.init.0"],"level":"info","message":"Get id: 14","time":1617887910356897686}
2021/04/08 21:20:41 {"callers":["/home/joklr/GoProgram/forum/main.go: 20 main.init.0"],"level":"info","message":"Get id: 15","time":1617888041623766375}
2021/04/08 21:20:56 {"callers":["/home/joklr/GoProgram/forum/main.go: 20 main.init.0"],"level":"info","message":"Get id: 15","time":1617888056249314899}
2021/04/08 21:21:02 {"callers":["/home/joklr/GoProgram/forum/main.go: 20 main.init.0"],"level":"info","message":"Get id: 15","time":1617888062102191066}
2021/04/08 21:22:58 {"callers":["/home/joklr/GoProgram/forum/main.go: 20 main.init.0"],"level":"info","message":"Get id: 8","time":1617888178804324829}
2021/04/08 21:29:15 {"callers":["/home/joklr/GoProgram/forum/main.go: 20 main.init.0"],"level":"info","message":"Get id: 1","time":1617888555048120652}
2021/04/08 21:29:23 {"callers":["/home/joklr/GoProgram/forum/main.go: 20 main.init.0"],"level":"info","message":"Get id: 15","time":1617888563748362723}
2021/04/08 21:29:35 {"callers":["/home/joklr/GoProgram/forum/main.go: 20 main.init.0"],"level":"info","message":"Get id: 15","time":1617888575432724695}
2021/04/08 21:29:40 {"callers":["/home/joklr/GoProgram/forum/main.go: 20 main.init.0"],"level":"info","message":"Get id: 1","time":1617888580951501901}
2021/04/08 21:29:54 {"callers":["/home/joklr/GoProgram/forum/main.go: 20 main.init.0"],"level":"info","message":"Get id: 15","time":1617888594160460630}
2021/04/08 21:30:09 {"callers":["/home/joklr/GoProgram/forum/main.go: 20 main.init.0"],"level":"error","message":"app.BindAndValid errs: Title长度必须至少为3个字符","time":1617888609623590048}
2021/04/08 21:30:23 {"callers":["/home/joklr/GoProgram/forum/main.go: 20 main.init.0"],"level":"error","message":"app.BindAndValid errs: Title长度必须至少为3个字符","time":1617888623446802459}
2021/04/08 21:31:22 {"callers":["/home/joklr/GoProgram/forum/main.go: 20 main.init.0"],"level":"info","message":"Get id: 16","time":1617888682850294496}
2021/04/08 21:36:20 {"callers":["/home/joklr/GoProgram/forum/main.go: 20 main.init.0"],"level":"info","message":"Get id: 1","time":1617888980583926996}
2021/04/08 21:36:28 {"callers":["/home/joklr/GoProgram/forum/main.go: 20 main.init.0"],"level":"info","message":"Get id: 15","time":1617888988901703284}
2021/04/08 21:36:35 {"callers":["/home/joklr/GoProgram/forum/main.go: 20 main.init.0"],"level":"info","message":"Get id: 16","time":1617888995432735828}
2021/04/08 21:47:02 {"callers":["/home/joklr/GoProgram/forum/main.go: 20 main.init.0"],"level":"info","message":"Get id: 15","time":1617889622186396750}
2021/04/08 21:47:10 {"callers":["/home/joklr/GoProgram/forum/main.go: 20 main.init.0"],"level":"info","message":"Get id: 16","time":1617889630891957053}
2021/04/08 21:52:27 {"callers":["/home/joklr/GoProgram/forum/main.go: 20 main.init.0"],"level":"info","message":"Get id: 16","time":1617889947256906258}
2021/04/08 21:52:37 {"callers":["/home/joklr/GoProgram/forum/main.go: 20 main.init.0"],"level":"info","message":"Get id: 17","time":1617889957982207070}
2021/04/08 21:59:35 {"callers":["/home/joklr/GoProgram/forum/main.go: 20 main.init.0"],"level":"info","message":"Get id: 15","time":1617890375131035925}
2021/04/08 21:59:39 {"callers":["/home/joklr/GoProgram/forum/main.go: 20 main.init.0"],"level":"error","message":"app.BindAndValid errs: Title为必填字段","time":1617890379165255529}
2021/04/08 22:00:03 {"callers":["/home/joklr/GoProgram/forum/main.go: 20 main.init.0"],"level":"error","message":"app.BindAndValid errs: Title为必填字段","time":1617890403037641700}
2021/04/08 22:01:16 {"callers":["/home/joklr/GoProgram/forum/main.go: 20 main.init.0"],"level":"info","message":"Get id: 15","time":1617890476860842332}
2021/04/08 22:01:22 {"callers":["/home/joklr/GoProgram/forum/main.go: 20 main.init.0"],"level":"info","message":"Get id: 15","time":1617890482912069070}
2021/04/08 22:01:27 {"callers":["/home/joklr/GoProgram/forum/main.go: 20 main.init.0"],"level":"error","message":"app.BindAndValid errs: ","time":1617890487051664508}
2021/04/08 22:01:29 {"callers":["/home/joklr/GoProgram/forum/main.go: 20 main.init.0"],"level":"info","message":"Get id: 15","time":1617890489453550392}
2021/04/08 22:01:32 {"callers":["/home/joklr/GoProgram/forum/main.go: 20 main.init.0"],"level":"error","message":"app.BindAndValid errs: ","time":1617890492936046673}
2021/04/08 22:01:52 {"callers":["/home/joklr/GoProgram/forum/main.go: 20 main.init.0"],"level":"error","message":"app.BindAndValid errs: ","time":1617890512533091527}
2021/04/08 22:01:55 {"callers":["/home/joklr/GoProgram/forum/main.go: 20 main.init.0"],"level":"info","message":"Get id: 15","time":1617890515668137861}
2021/04/08 22:02:16 {"callers":["/home/joklr/GoProgram/forum/main.go: 20 main.init.0"],"level":"info","message":"Get id: 15","time":1617890536774286288}
2021/04/08 22:02:39 {"callers":["/home/joklr/GoProgram/forum/main.go: 20 main.init.0"],"level":"info","message":"Get id: 17","time":1617890559600247023}
2021/04/08 22:02:44 {"callers":["/home/joklr/GoProgram/forum/main.go: 20 main.init.0"],"level":"error","message":"app.BindAndValid errs: ","time":1617890564003835893}
2021/04/08 22:03:16 {"callers":["/home/joklr/GoProgram/forum/main.go: 20 main.init.0"],"level":"info","message":"Get id: 17","time":1617890596110589623}
2021/04/08 22:03:19 {"callers":["/home/joklr/GoProgram/forum/main.go: 20 main.init.0"],"level":"error","message":"app.BindAndValid errs: ","time":1617890599233389385}
2021/04/08 22:04:44 {"callers":["/home/joklr/GoProgram/forum/main.go: 20 main.init.0"],"level":"info","message":"Get id: 17","time":1617890684171639349}
2021/04/08 22:04:50 {"callers":["/home/joklr/GoProgram/forum/main.go: 20 main.init.0"],"level":"info","message":"Get id: 17","time":1617890690265444110}
2021/04/08 22:05:08 {"callers":["/home/joklr/GoProgram/forum/main.go: 20 main.init.0"],"level":"info","message":"Get id: 17","time":1617890708016341333}
2021/04/08 22:05:10 {"callers":["/home/joklr/GoProgram/forum/main.go: 20 main.init.0"],"level":"error","message":"app.BindAndValid errs: PostID为必填字段","time":1617890710039318006}
2021/04/08 22:05:23 {"callers":["/home/joklr/GoProgram/forum/main.go: 20 main.init.0"],"level":"info","message":"Get id: 17","time":1617890723648586365}
2021/04/08 22:05:26 {"callers":["/home/joklr/GoProgram/forum/main.go: 20 main.init.0"],"level":"error","message":"app.BindAndValid errs: ","time":1617890726310920147}
2021/04/08 22:05:35 {"callers":["/home/joklr/GoProgram/forum/main.go: 20 main.init.0"],"level":"info","message":"Get id: 17","time":1617890735048275391}
2021/04/08 22:05:36 {"callers":["/home/joklr/GoProgram/forum/main.go: 20 main.init.0"],"level":"error","message":"app.BindAndValid errs: ","time":1617890736557928813}
2021/04/08 22:05:55 {"callers":["/home/joklr/GoProgram/forum/main.go: 20 main.init.0"],"level":"info","message":"Get id: 17","time":1617890755852436487}
2021/04/08 22:06:24 {"callers":["/home/joklr/GoProgram/forum/main.go: 20 main.init.0"],"level":"info","message":"Get id: 17","time":1617890784053799867}
2021/04/08 22:06:29 {"callers":["/home/joklr/GoProgram/forum/main.go: 20 main.init.0"],"level":"error","message":"app.BindAndValid errs: ","time":1617890789888790447}
2021/04/08 22:08:45 {"callers":["/home/joklr/GoProgram/forum/main.go: 20 main.init.0"],"level":"error","message":"app.BindAndValid errs: ","time":1617890925854289016}
2021/04/08 22:09:45 {"callers":["/home/joklr/GoProgram/forum/main.go: 20 main.init.0"],"level":"error","message":"app.BindAndValid errs: ","time":1617890985546809280}
2021/04/08 22:09:50 {"callers":["/home/joklr/GoProgram/forum/main.go: 20 main.init.0"],"level":"error","message":"app.BindAndValid errs: ","time":1617890990240392584}
2021/04/08 22:11:16 {"callers":["/home/joklr/GoProgram/forum/main.go: 20 main.init.0"],"level":"error","message":"app.BindAndValid errs: ","time":1617891076677475929}
2021/04/08 22:17:56 {"callers":["/home/joklr/GoProgram/forum/main.go: 20 main.init.0"],"level":"error","message":"app.BindAndValid errs: ","time":1617891476585546347}
2021/04/08 22:17:57 {"callers":["/home/joklr/GoProgram/forum/main.go: 20 main.init.0"],"level":"error","message":"app.BindAndValid errs: ","time":1617891477693083035}
2021/04/08 22:18:33 {"callers":["/home/joklr/GoProgram/forum/main.go: 20 main.init.0"],"level":"error","message":"app.BindAndValid errs: ","time":1617891513991938000}
2021/04/08 22:18:39 {"callers":["/home/joklr/GoProgram/forum/main.go: 20 main.init.0"],"level":"error","message":"app.BindAndValid errs: ","time":1617891519418118280}
2021/04/08 22:20:07 {"callers":["/home/joklr/GoProgram/forum/main.go: 20 main.init.0"],"level":"error","message":"app.BindAndValid errs: ","time":1617891607581359208}
2021/04/08 22:21:51 {"callers":["/home/joklr/GoProgram/forum/main.go: 20 main.init.0"],"level":"error","message":"app.BindAndValid errs: Title为必填字段","time":1617891711718351503}
2021/04/08 22:22:01 {"callers":["/home/joklr/GoProgram/forum/main.go: 20 main.init.0"],"level":"error","message":"app.BindAndValid errs: Title为必填字段","time":1617891721547258779}
2021/04/08 22:22:35 {"callers":["/home/joklr/GoProgram/forum/main.go: 20 main.init.0"],"level":"error","message":"app.BindAndValid errs: ","time":1617891755279772028}
2021/04/08 22:24:09 {"callers":["/home/joklr/GoProgram/forum/main.go: 20 main.init.0"],"level":"error","message":"app.BindAndValid errs: ","time":1617891849953631070}
2021/04/08 22:25:23 {"callers":["/home/joklr/GoProgram/forum/main.go: 20 main.init.0"],"level":"error","message":"app.BindAndValid errs: ","time":1617891923475023533}
